# JRE version: Java(TM) SE Runtime Environment (12.0.2+10) (build 12.0.2+10)
# Java VM: Java HotSpot(TM) 64-Bit Server VM (12.0.2+10, mixed mode, sharing, tiered, compressed oops, g1 gc, windows-amd64)
Heap:
 garbage-first heap   total 45056K, used 24185K [0x0000000701e00000, 0x0000000800000000)
  region size 1024K, 13 young (13312K), 4 survivors (4096K)
 Metaspace       used 23938K, capacity 24402K, committed 24700K, reserved 1071104K
  class space    used 2718K, capacity 2908K, committed 3020K, reserved 1048576K
GC Heap History (10 events):
Event: 1.573 GC heap before
{Heap before GC invocations=1 (full 0):
 garbage-first heap   total 262144K, used 16092K [0x0000000701e00000, 0x0000000800000000)
  region size 1024K, 12 young (12288K), 3 survivors (3072K)
 Metaspace       used 17626K, capacity 18037K, committed 18304K, reserved 1064960K
  class space    used 2165K, capacity 2345K, committed 2432K, reserved 1048576K
}
Event: 1.580 GC heap after
{Heap after GC invocations=2 (full 0):
 garbage-first heap   total 262144K, used 8525K [0x0000000701e00000, 0x0000000800000000)
  region size 1024K, 2 young (2048K), 2 survivors (2048K)
 Metaspace       used 17626K, capacity 18037K, committed 18304K, reserved 1064960K
  class space    used 2165K, capacity 2345K, committed 2432K, reserved 1048576K
}
Event: 1.755 GC heap before
{Heap before GC invocations=2 (full 0):
 garbage-first heap   total 262144K, used 35149K [0x0000000701e00000, 0x0000000800000000)
  region size 1024K, 28 young (28672K), 2 survivors (2048K)
 Metaspace       used 17736K, capacity 18165K, committed 18304K, reserved 1064960K
  class space    used 2167K, capacity 2345K, committed 2432K, reserved 1048576K
}
Event: 1.757 GC heap after
{Heap after GC invocations=3 (full 0):
 garbage-first heap   total 262144K, used 8456K [0x0000000701e00000, 0x0000000800000000)
  region size 1024K, 2 young (2048K), 2 survivors (2048K)
 Metaspace       used 17736K, capacity 18165K, committed 18304K, reserved 1064960K
  class space    used 2167K, capacity 2345K, committed 2432K, reserved 1048576K
}
Event: 2.035 GC heap before
{Heap before GC invocations=3 (full 0):
 garbage-first heap   total 262144K, used 65800K [0x0000000701e00000, 0x0000000800000000)
  region size 1024K, 58 young (59392K), 2 survivors (2048K)
 Metaspace       used 17843K, capacity 18242K, committed 18560K, reserved 1064960K
  class space    used 2172K, capacity 2347K, committed 2432K, reserved 1048576K
}
Event: 2.038 GC heap after
{Heap after GC invocations=4 (full 0):
 garbage-first heap   total 262144K, used 8761K [0x0000000701e00000, 0x0000000800000000)
  region size 1024K, 2 young (2048K), 2 survivors (2048K)
 Metaspace       used 17843K, capacity 18242K, committed 18560K, reserved 1064960K
  class space    used 2172K, capacity 2347K, committed 2432K, reserved 1048576K
}
Event: 3.034 GC heap before
{Heap before GC invocations=4 (full 0):
 garbage-first heap   total 262144K, used 67129K [0x0000000701e00000, 0x0000000800000000)
  region size 1024K, 60 young (61440K), 2 survivors (2048K)
 Metaspace       used 20822K, capacity 21201K, committed 21296K, reserved 1069056K
  class space    used 2504K, capacity 2675K, committed 2688K, reserved 1048576K
}
Event: 3.044 GC heap after
{Heap after GC invocations=5 (full 0):
 garbage-first heap   total 262144K, used 9378K [0x0000000701e00000, 0x0000000800000000)
  region size 1024K, 3 young (3072K), 3 survivors (3072K)
 Metaspace       used 20822K, capacity 21201K, committed 21296K, reserved 1069056K
  class space    used 2504K, capacity 2675K, committed 2688K, reserved 1048576K
}
Event: 15.559 GC heap before
{Heap before GC invocations=6 (full 0):
 garbage-first heap   total 40960K, used 40098K [0x0000000701e00000, 0x0000000800000000)
  region size 1024K, 28 young (28672K), 3 survivors (3072K)
 Metaspace       used 23681K, capacity 24082K, committed 24444K, reserved 1071104K
  class space    used 2715K, capacity 2908K, committed 3020K, reserved 1048576K
}
Event: 15.565 GC heap after
{Heap after GC invocations=7 (full 0):
 garbage-first heap   total 45056K, used 15993K [0x0000000701e00000, 0x0000000800000000)
  region size 1024K, 4 young (4096K), 4 survivors (4096K)
 Metaspace       used 23681K, capacity 24082K, committed 24444K, reserved 1071104K
  class space    used 2715K, capacity 2908K, committed 3020K, reserved 1048576K
}

