# JRE version: Java(TM) SE Runtime Environment (12.0.2+10) (build 12.0.2+10)
# Java VM: Java HotSpot(TM) 64-Bit Server VM (12.0.2+10, mixed mode, sharing, tiered, compressed oops, g1 gc, windows-amd64)
Heap:
 garbage-first heap   total 45056K, used 23975K [0x0000000701e00000, 0x0000000800000000)
  region size 1024K, 14 young (14336K), 4 survivors (4096K)
 Metaspace       used 23869K, capacity 24340K, committed 24700K, reserved 1071104K
  class space    used 2714K, capacity 2908K, committed 3020K, reserved 1048576K
GC Heap History (10 events):
Event: 1.844 GC heap before
{Heap before GC invocations=1 (full 0):
 garbage-first heap   total 262144K, used 22285K [0x0000000701e00000, 0x0000000800000000)
  region size 1024K, 18 young (18432K), 3 survivors (3072K)
 Metaspace       used 17673K, capacity 18101K, committed 18304K, reserved 1064960K
  class space    used 2164K, capacity 2345K, committed 2432K, reserved 1048576K
}
Event: 1.853 GC heap after
{Heap after GC invocations=2 (full 0):
 garbage-first heap   total 262144K, used 8691K [0x0000000701e00000, 0x0000000800000000)
  region size 1024K, 2 young (2048K), 2 survivors (2048K)
 Metaspace       used 17673K, capacity 18101K, committed 18304K, reserved 1064960K
  class space    used 2164K, capacity 2345K, committed 2432K, reserved 1048576K
}
Event: 2.049 GC heap before
{Heap before GC invocations=2 (full 0):
 garbage-first heap   total 262144K, used 42483K [0x0000000701e00000, 0x0000000800000000)
  region size 1024K, 35 young (35840K), 2 survivors (2048K)
 Metaspace       used 17779K, capacity 18172K, committed 18304K, reserved 1064960K
  class space    used 2168K, capacity 2346K, committed 2432K, reserved 1048576K
}
Event: 2.051 GC heap after
{Heap after GC invocations=3 (full 0):
 garbage-first heap   total 262144K, used 8426K [0x0000000701e00000, 0x0000000800000000)
  region size 1024K, 2 young (2048K), 2 survivors (2048K)
 Metaspace       used 17779K, capacity 18172K, committed 18304K, reserved 1064960K
  class space    used 2168K, capacity 2346K, committed 2432K, reserved 1048576K
}
Event: 2.298 GC heap before
{Heap before GC invocations=3 (full 0):
 garbage-first heap   total 262144K, used 69866K [0x0000000701e00000, 0x0000000800000000)
  region size 1024K, 62 young (63488K), 2 survivors (2048K)
 Metaspace       used 17832K, capacity 18245K, committed 18560K, reserved 1064960K
  class space    used 2169K, capacity 2348K, committed 2432K, reserved 1048576K
}
Event: 2.300 GC heap after
{Heap after GC invocations=4 (full 0):
 garbage-first heap   total 262144K, used 8696K [0x0000000701e00000, 0x0000000800000000)
  region size 1024K, 2 young (2048K), 2 survivors (2048K)
 Metaspace       used 17832K, capacity 18245K, committed 18560K, reserved 1064960K
  class space    used 2169K, capacity 2348K, committed 2432K, reserved 1048576K
}
Event: 3.257 GC heap before
{Heap before GC invocations=4 (full 0):
 garbage-first heap   total 262144K, used 49656K [0x0000000701e00000, 0x0000000800000000)
  region size 1024K, 43 young (44032K), 2 survivors (2048K)
 Metaspace       used 20820K, capacity 21201K, committed 21296K, reserved 1069056K
  class space    used 2501K, capacity 2675K, committed 2688K, reserved 1048576K
}
Event: 3.265 GC heap after
{Heap after GC invocations=5 (full 0):
 garbage-first heap   total 262144K, used 9316K [0x0000000701e00000, 0x0000000800000000)
  region size 1024K, 3 young (3072K), 3 survivors (3072K)
 Metaspace       used 20820K, capacity 21201K, committed 21296K, reserved 1069056K
  class space    used 2501K, capacity 2675K, committed 2688K, reserved 1048576K
}
Event: 32.161 GC heap before
{Heap before GC invocations=6 (full 0):
 garbage-first heap   total 40960K, used 40036K [0x0000000701e00000, 0x0000000800000000)
  region size 1024K, 28 young (28672K), 3 survivors (3072K)
 Metaspace       used 23559K, capacity 23987K, committed 24060K, reserved 1071104K
  class space    used 2689K, capacity 2876K, committed 2892K, reserved 1048576K
}
Event: 32.172 GC heap after
{Heap after GC invocations=7 (full 0):
 garbage-first heap   total 45056K, used 15783K [0x0000000701e00000, 0x0000000800000000)
  region size 1024K, 4 young (4096K), 4 survivors (4096K)
 Metaspace       used 23559K, capacity 23987K, committed 24060K, reserved 1071104K
  class space    used 2689K, capacity 2876K, committed 2892K, reserved 1048576K
}

