# JRE version: Java(TM) SE Runtime Environment (12.0.2+10) (build 12.0.2+10)
# Java VM: Java HotSpot(TM) 64-Bit Server VM (12.0.2+10, mixed mode, sharing, tiered, compressed oops, g1 gc, windows-amd64)
Heap:
 garbage-first heap   total 37888K, used 32656K [0x0000000701e00000, 0x0000000800000000)
  region size 1024K, 21 young (21504K), 2 survivors (2048K)
 Metaspace       used 23173K, capacity 23599K, committed 23804K, reserved 1071104K
  class space    used 2675K, capacity 2876K, committed 2892K, reserved 1048576K
GC Heap History (10 events):
Event: 2.316 GC heap before
{Heap before GC invocations=0 (full 0):
 garbage-first heap   total 262144K, used 23552K [0x0000000701e00000, 0x0000000800000000)
  region size 1024K, 24 young (24576K), 0 survivors (0K)
 Metaspace       used 16308K, capacity 16656K, committed 16768K, reserved 1064960K
  class space    used 1982K, capacity 2142K, committed 2176K, reserved 1048576K
}
Event: 2.330 GC heap after
{Heap after GC invocations=1 (full 0):
 garbage-first heap   total 262144K, used 6883K [0x0000000701e00000, 0x0000000800000000)
  region size 1024K, 3 young (3072K), 3 survivors (3072K)
 Metaspace       used 16308K, capacity 16656K, committed 16768K, reserved 1064960K
  class space    used 1982K, capacity 2142K, committed 2176K, reserved 1048576K
}
Event: 2.690 GC heap before
{Heap before GC invocations=1 (full 0):
 garbage-first heap   total 262144K, used 16099K [0x0000000701e00000, 0x0000000800000000)
  region size 1024K, 12 young (12288K), 3 survivors (3072K)
 Metaspace       used 17620K, capacity 18005K, committed 18304K, reserved 1064960K
  class space    used 2152K, capacity 2313K, committed 2432K, reserved 1048576K
}
Event: 2.701 GC heap after
{Heap after GC invocations=2 (full 0):
 garbage-first heap   total 262144K, used 8411K [0x0000000701e00000, 0x0000000800000000)
  region size 1024K, 2 young (2048K), 2 survivors (2048K)
 Metaspace       used 17620K, capacity 18005K, committed 18304K, reserved 1064960K
  class space    used 2152K, capacity 2313K, committed 2432K, reserved 1048576K
}
Event: 2.991 GC heap before
{Heap before GC invocations=2 (full 0):
 garbage-first heap   total 262144K, used 37083K [0x0000000701e00000, 0x0000000800000000)
  region size 1024K, 30 young (30720K), 2 survivors (2048K)
 Metaspace       used 17738K, capacity 18134K, committed 18304K, reserved 1064960K
  class space    used 2154K, capacity 2313K, committed 2432K, reserved 1048576K
}
Event: 2.994 GC heap after
{Heap after GC invocations=3 (full 0):
 garbage-first heap   total 262144K, used 8478K [0x0000000701e00000, 0x0000000800000000)
  region size 1024K, 2 young (2048K), 2 survivors (2048K)
 Metaspace       used 17738K, capacity 18134K, committed 18304K, reserved 1064960K
  class space    used 2154K, capacity 2313K, committed 2432K, reserved 1048576K
}
Event: 3.619 GC heap before
{Heap before GC invocations=3 (full 0):
 garbage-first heap   total 262144K, used 83230K [0x0000000701e00000, 0x0000000800000000)
  region size 1024K, 75 young (76800K), 2 survivors (2048K)
 Metaspace       used 17831K, capacity 18214K, committed 18560K, reserved 1064960K
  class space    used 2159K, capacity 2316K, committed 2432K, reserved 1048576K
}
Event: 3.621 GC heap after
{Heap after GC invocations=4 (full 0):
 garbage-first heap   total 262144K, used 8692K [0x0000000701e00000, 0x0000000800000000)
  region size 1024K, 2 young (2048K), 2 survivors (2048K)
 Metaspace       used 17831K, capacity 18214K, committed 18560K, reserved 1064960K
  class space    used 2159K, capacity 2316K, committed 2432K, reserved 1048576K
}
Event: 5.379 GC heap before
{Heap before GC invocations=4 (full 0):
 garbage-first heap   total 262144K, used 43508K [0x0000000701e00000, 0x0000000800000000)
  region size 1024K, 37 young (37888K), 2 survivors (2048K)
 Metaspace       used 20790K, capacity 21202K, committed 21296K, reserved 1069056K
  class space    used 2489K, capacity 2675K, committed 2688K, reserved 1048576K
}
Event: 5.388 GC heap after
{Heap after GC invocations=5 (full 0):
 garbage-first heap   total 262144K, used 9104K [0x0000000701e00000, 0x0000000800000000)
  region size 1024K, 2 young (2048K), 2 survivors (2048K)
 Metaspace       used 20790K, capacity 21202K, committed 21296K, reserved 1069056K
  class space    used 2489K, capacity 2675K, committed 2688K, reserved 1048576K
}

