# JRE version: Java(TM) SE Runtime Environment (12.0.2+10) (build 12.0.2+10)
# Java VM: Java HotSpot(TM) 64-Bit Server VM (12.0.2+10, mixed mode, sharing, tiered, compressed oops, g1 gc, windows-amd64)
Heap:
 garbage-first heap   total 45056K, used 27527K [0x0000000701e00000, 0x0000000800000000)
  region size 1024K, 10 young (10240K), 1 survivors (1024K)
 Metaspace       used 24196K, capacity 24660K, committed 24956K, reserved 1071104K
  class space    used 2723K, capacity 2908K, committed 3020K, reserved 1048576K
GC Heap History (10 events):
Event: 25.388 GC heap before
{Heap before GC invocations=6 (full 0):
 garbage-first heap   total 37888K, used 34715K [0x0000000701e00000, 0x0000000800000000)
  region size 1024K, 22 young (22528K), 2 survivors (2048K)
 Metaspace       used 23309K, capacity 23762K, committed 23932K, reserved 1071104K
  class space    used 2705K, capacity 2908K, committed 3020K, reserved 1048576K
}
Event: 25.394 GC heap after
{Heap after GC invocations=7 (full 0):
 garbage-first heap   total 39936K, used 15536K [0x0000000701e00000, 0x0000000800000000)
  region size 1024K, 3 young (3072K), 3 survivors (3072K)
 Metaspace       used 23309K, capacity 23762K, committed 23932K, reserved 1071104K
  class space    used 2705K, capacity 2908K, committed 3020K, reserved 1048576K
}
Event: 33.553 GC heap before
{Heap before GC invocations=8 (full 0):
 garbage-first heap   total 39936K, used 28848K [0x0000000701e00000, 0x0000000800000000)
  region size 1024K, 16 young (16384K), 3 survivors (3072K)
 Metaspace       used 23656K, capacity 24083K, committed 24444K, reserved 1071104K
  class space    used 2709K, capacity 2908K, committed 3020K, reserved 1048576K
}
Event: 33.559 GC heap after
{Heap after GC invocations=9 (full 0):
 garbage-first heap   total 39936K, used 16042K [0x0000000701e00000, 0x0000000800000000)
  region size 1024K, 1 young (1024K), 1 survivors (1024K)
 Metaspace       used 23656K, capacity 24083K, committed 24444K, reserved 1071104K
  class space    used 2709K, capacity 2908K, committed 3020K, reserved 1048576K
}
Event: 41.488 GC heap before
{Heap before GC invocations=9 (full 0):
 garbage-first heap   total 39936K, used 20138K [0x0000000701e00000, 0x0000000800000000)
  region size 1024K, 6 young (6144K), 1 survivors (1024K)
 Metaspace       used 23693K, capacity 24147K, committed 24444K, reserved 1071104K
  class space    used 2709K, capacity 2908K, committed 3020K, reserved 1048576K
}
Event: 41.490 GC heap after
{Heap after GC invocations=10 (full 0):
 garbage-first heap   total 39936K, used 15854K [0x0000000701e00000, 0x0000000800000000)
  region size 1024K, 1 young (1024K), 1 survivors (1024K)
 Metaspace       used 23693K, capacity 24147K, committed 24444K, reserved 1071104K
  class space    used 2709K, capacity 2908K, committed 3020K, reserved 1048576K
}
Event: 93.477 GC heap before
{Heap before GC invocations=11 (full 0):
 garbage-first heap   total 45056K, used 37358K [0x0000000701e00000, 0x0000000800000000)
  region size 1024K, 14 young (14336K), 1 survivors (1024K)
 Metaspace       used 23853K, capacity 24340K, committed 24700K, reserved 1071104K
  class space    used 2711K, capacity 2908K, committed 3020K, reserved 1048576K
}
Event: 93.479 GC heap after
{Heap after GC invocations=12 (full 0):
 garbage-first heap   total 45056K, used 24110K [0x0000000701e00000, 0x0000000800000000)
  region size 1024K, 1 young (1024K), 1 survivors (1024K)
 Metaspace       used 23853K, capacity 24340K, committed 24700K, reserved 1071104K
  class space    used 2711K, capacity 2908K, committed 3020K, reserved 1048576K
}
Event: 95.641 GC heap before
{Heap before GC invocations=12 (full 0):
 garbage-first heap   total 45056K, used 34350K [0x0000000701e00000, 0x0000000800000000)
  region size 1024K, 11 young (11264K), 1 survivors (1024K)
 Metaspace       used 24054K, capacity 24532K, committed 24700K, reserved 1071104K
  class space    used 2717K, capacity 2908K, committed 3020K, reserved 1048576K
}
Event: 95.643 GC heap after
{Heap after GC invocations=13 (full 0):
 garbage-first heap   total 45056K, used 24455K [0x0000000701e00000, 0x0000000800000000)
  region size 1024K, 1 young (1024K), 1 survivors (1024K)
 Metaspace       used 24054K, capacity 24532K, committed 24700K, reserved 1071104K
  class space    used 2717K, capacity 2908K, committed 3020K, reserved 1048576K
}

