# JRE version: Java(TM) SE Runtime Environment (12.0.2+10) (build 12.0.2+10)
# Java VM: Java HotSpot(TM) 64-Bit Server VM (12.0.2+10, mixed mode, sharing, tiered, compressed oops, g1 gc, windows-amd64)
Heap:
 garbage-first heap   total 37888K, used 30621K [0x0000000701e00000, 0x0000000800000000)
  region size 1024K, 19 young (19456K), 2 survivors (2048K)
 Metaspace       used 23087K, capacity 23470K, committed 23548K, reserved 1071104K
  class space    used 2686K, capacity 2876K, committed 2892K, reserved 1048576K
GC Heap History (8 events):
Event: 1.843 GC heap before
{Heap before GC invocations=0 (full 0):
 garbage-first heap   total 262144K, used 23552K [0x0000000701e00000, 0x0000000800000000)
  region size 1024K, 24 young (24576K), 0 survivors (0K)
 Metaspace       used 16349K, capacity 16720K, committed 16768K, reserved 1064960K
  class space    used 1993K, capacity 2142K, committed 2176K, reserved 1048576K
}
Event: 1.857 GC heap after
{Heap after GC invocations=1 (full 0):
 garbage-first heap   total 262144K, used 6876K [0x0000000701e00000, 0x0000000800000000)
  region size 1024K, 3 young (3072K), 3 survivors (3072K)
 Metaspace       used 16349K, capacity 16720K, committed 16768K, reserved 1064960K
  class space    used 1993K, capacity 2142K, committed 2176K, reserved 1048576K
}
Event: 2.145 GC heap before
{Heap before GC invocations=1 (full 0):
 garbage-first heap   total 262144K, used 31452K [0x0000000701e00000, 0x0000000800000000)
  region size 1024K, 27 young (27648K), 3 survivors (3072K)
 Metaspace       used 17705K, capacity 18101K, committed 18304K, reserved 1064960K
  class space    used 2164K, capacity 2345K, committed 2432K, reserved 1048576K
}
Event: 2.154 GC heap after
{Heap after GC invocations=2 (full 0):
 garbage-first heap   total 262144K, used 8517K [0x0000000701e00000, 0x0000000800000000)
  region size 1024K, 2 young (2048K), 2 survivors (2048K)
 Metaspace       used 17705K, capacity 18101K, committed 18304K, reserved 1064960K
  class space    used 2164K, capacity 2345K, committed 2432K, reserved 1048576K
}
Event: 2.367 GC heap before
{Heap before GC invocations=2 (full 0):
 garbage-first heap   total 262144K, used 49477K [0x0000000701e00000, 0x0000000800000000)
  region size 1024K, 42 young (43008K), 2 survivors (2048K)
 Metaspace       used 17817K, capacity 18236K, committed 18560K, reserved 1064960K
  class space    used 2168K, capacity 2346K, committed 2432K, reserved 1048576K
}
Event: 2.369 GC heap after
{Heap after GC invocations=3 (full 0):
 garbage-first heap   total 262144K, used 8514K [0x0000000701e00000, 0x0000000800000000)
  region size 1024K, 2 young (2048K), 2 survivors (2048K)
 Metaspace       used 17817K, capacity 18236K, committed 18560K, reserved 1064960K
  class space    used 2168K, capacity 2346K, committed 2432K, reserved 1048576K
}
Event: 3.485 GC heap before
{Heap before GC invocations=3 (full 0):
 garbage-first heap   total 262144K, used 88386K [0x0000000701e00000, 0x0000000800000000)
  region size 1024K, 81 young (82944K), 2 survivors (2048K)
 Metaspace       used 20800K, capacity 21201K, committed 21296K, reserved 1069056K
  class space    used 2501K, capacity 2675K, committed 2688K, reserved 1048576K
}
Event: 3.492 GC heap after
{Heap after GC invocations=4 (full 0):
 garbage-first heap   total 262144K, used 9117K [0x0000000701e00000, 0x0000000800000000)
  region size 1024K, 2 young (2048K), 2 survivors (2048K)
 Metaspace       used 20800K, capacity 21201K, committed 21296K, reserved 1069056K
  class space    used 2501K, capacity 2675K, committed 2688K, reserved 1048576K
}

